[05-17-2023 18:31:12] Provided archive file seen_ads.csv empty or does not exist.
[05-17-2023 18:31:12] App initialized with 4 scrapers. Debug: True
[05-17-2023 18:31:12] App is running 🚀
[05-17-2023 18:31:14] Found 18 ads (18 new).
[05-17-2023 18:31:14] Skipping <✅ adler/Einziehen und Wohlf&uuml;hlen - 4-Zi-Woh>
[05-17-2023 18:31:14] Skipping <🥲 adler/Stilvolle 153m&sup2; - Penthouse-Wohntra>: ZIP_NOT_WHITELISTED
[05-17-2023 18:31:14] Skipping <🥲 adler/ein Heim mit Potential zur Gestaltung.>: ZIP_NOT_WHITELISTED
[05-17-2023 18:31:14] Skipping <🥲 adler/4-Zimmer Wohnung in Staaken zur freien G>: ZIP_NOT_WHITELISTED
[05-17-2023 18:31:14] Skipping <🥲 adler/2-Zimmer-Altbauwohnung mit Balkon zur fr>: ZIP_NOT_WHITELISTED
[05-17-2023 18:31:14] Skipping <🥲 adler/Gepflegte 2-Zimmer-Wohnung mit Wintergar>: ZIP_NOT_WHITELISTED
[05-17-2023 18:31:14] Skipping <🥲 adler/Siemensstadt sucht neue Mieter>: ZIP_NOT_WHITELISTED
[05-17-2023 18:31:14] Skipping <✅ adler/Gro&szlig;z&uuml;gige Dachgeschosswohnun>
[05-17-2023 18:31:14] Skipping <✅ adler/Tolle 2-Zimmerwohnung mit Dachterrasse z>
[05-17-2023 18:31:14] Skipping <🥲 adler/3-Zimmerwohnung mit Balkon wartet auf SI>: ZIP_NOT_WHITELISTED
[05-17-2023 18:31:14] Skipping <🥲 adler/Hoch hinaus! 2 Zimmer mit toller Aussich>: ZIP_NOT_WHITELISTED
[05-17-2023 18:31:14] Skipping <✅ covivio/Endlich Zuhause: sanierte 2-Zimmerwhg. m>
[05-17-2023 18:31:14] Skipping <🥲 covivio/Familien aufgepasst- 3-Zimmerwohnung in >: ZIP_NOT_WHITELISTED
[05-17-2023 18:31:14] Skipping <🥲 covivio/Wand sucht Pinsel: preiswertes Zuhause z>: ZIP_BLACKLISTED
[05-17-2023 18:31:14] Skipping <🥲 covivio/Wohnen am Boulevard in Steglitz>: ZIP_BLACKLISTED
[05-17-2023 18:31:14] Skipping <🥲 covivio/Coming soon: Gepflegte Erdgeschosswohnun>: WBS_REQUIRED
[05-17-2023 18:31:14] Skipping <🥲 covivio/Sanierte Erdgeschosswohnung unweit der S>: ZIP_BLACKLISTED
[05-17-2023 18:31:14] Skipping <🥲 covivio/Renovierungszuschuss: Zuhause für Kreati>: WBS_REQUIRED
[05-17-2023 18:31:54] Provided archive file seen_ads.csv empty or does not exist.
[05-17-2023 18:31:54] App initialized with 4 scrapers. Debug: True
[05-17-2023 18:31:54] App is running 🚀
[05-17-2023 18:31:56] Found 18 ads (18 new).
[05-17-2023 18:31:56] Skipping <✅ adler/Hedwig-Porschütz-Straße 8, 10557 Tiergarten >
[05-17-2023 18:31:56] Skipping <🥲 adler/Röbellweg 2, 13125 Buch >: ZIP_NOT_WHITELISTED
[05-17-2023 18:31:56] Skipping <🥲 adler/Kiekebuschstr. 9, 12555 Köpenick >: ZIP_NOT_WHITELISTED
[05-17-2023 18:31:56] Skipping <🥲 adler/Pillnitzer Weg 16, 13593 Staaken >: ZIP_NOT_WHITELISTED
[05-17-2023 18:31:56] Skipping <🥲 adler/Seegefelder Str. 59, 13583 Spandau >: ZIP_NOT_WHITELISTED
[05-17-2023 18:31:56] Skipping <🥲 adler/Straße 43 Nr. 30, 13125 Karow >: ZIP_NOT_WHITELISTED
[05-17-2023 18:31:56] Skipping <🥲 adler/Wernerwerkdamm 27 A -, 13629 Siemensstadt >: ZIP_NOT_WHITELISTED
[05-17-2023 18:31:56] Skipping <✅ adler/Karl-Marx-Straße 254, 12057 Neukölln >
[05-17-2023 18:31:56] Skipping <✅ adler/Silbersteinstraße 2, 12051 Neukölln >
[05-17-2023 18:31:56] Skipping <🥲 adler/Arendsweg 1, 13055 Alt-Hohenschönhausen >: ZIP_NOT_WHITELISTED
[05-17-2023 18:31:56] Skipping <🥲 adler/Arendsweg 1, 13055 Alt-Hohenschönhausen >: ZIP_NOT_WHITELISTED
[05-17-2023 18:31:56] Skipping <✅ covivio/Grenzstr. 13, 13355 Berlin>
[05-17-2023 18:31:56] Skipping <🥲 covivio/Am Steinberg 14, 13086 Berlin>: ZIP_NOT_WHITELISTED
[05-17-2023 18:31:56] Skipping <🥲 covivio/Sesselmannweg 8, 10709 Berlin>: ZIP_BLACKLISTED
[05-17-2023 18:31:56] Skipping <🥲 covivio/Lepsiusstr. 13, 12163 Berlin>: ZIP_BLACKLISTED
[05-17-2023 18:31:56] Skipping <🥲 covivio/Bergstraße 78/79, 12169 Berlin>: WBS_REQUIRED
[05-17-2023 18:31:56] Skipping <🥲 covivio/Lepsiusstr. 18, 12163 Berlin>: ZIP_BLACKLISTED
[05-17-2023 18:31:56] Skipping <🥲 covivio/Kuhnertstraße 6, 13595 Berlin>: WBS_REQUIRED
